<?xml version="1.0" encoding="UTF-8"?>
<!-- Generated by org.testng.reporters.JUnitXMLReporter -->
<testsuite ignored="0" hostname="SAM" failures="0" tests="4" name="Default test" time="21.346" errors="0" timestamp="2025-05-04T11:32:18 IST">
  <testcase classname="api.TestCases.ApiTestCases" name="create" time="4.824"/>
  <testcase classname="api.TestCases.ApiTestCases" name="get" time="0.946"/>
  <testcase classname="api.TestCases.ApiTestCases" name="update" time="1.675"/>
  <testcase classname="api.TestCases.ApiTestCases" name="delete" time="13.822"/>
</testsuite> <!-- Default test -->
