<?xml version="1.0" encoding="UTF-8"?>
<!-- Generated by org.testng.reporters.JUnitXMLReporter -->
<testsuite ignored="0" hostname="SAM" failures="0" tests="4" name="Test" time="8.885" errors="0" timestamp="2025-05-04T11:36:01 IST">
  <testcase classname="api.TestCases.ApiTestCases" name="create" time="3.669"/>
  <testcase classname="api.TestCases.ApiTestCases" name="get" time="1.869"/>
  <testcase classname="api.TestCases.ApiTestCases" name="update" time="2.552"/>
  <testcase classname="api.TestCases.ApiTestCases" name="delete" time="0.732"/>
</testsuite> <!-- Test -->
