<?xml version="1.0" encoding="UTF-8"?>
<!-- Generated by org.testng.reporters.JUnitXMLReporter -->
<testsuite ignored="0" hostname="SAM" failures="0" tests="4" name="Test" time="9.011" errors="0" timestamp="2025-05-04T11:40:36 IST">
  <testcase classname="api.TestCases.ApiTestCases" name="create" time="5.18"/>
  <testcase classname="api.TestCases.ApiTestCases" name="get" time="0.926"/>
  <testcase classname="api.TestCases.ApiTestCases" name="update" time="1.596"/>
  <testcase classname="api.TestCases.ApiTestCases" name="delete" time="0.948"/>
</testsuite> <!-- Test -->
