<?xml version="1.0" encoding="UTF-8"?>
<testsuite xmlns:xsi="http://www.w3.org/2001/XMLSchema-instance" xsi:noNamespaceSchemaLocation="https://maven.apache.org/surefire/maven-surefire-plugin/xsd/surefire-test-report-3.0.xsd" version="3.0" name="TestSuite" time="15.077" tests="4" errors="0" skipped="0" failures="0">
  <properties>
[...]
</properties>
  <testcase name="create" classname="api.TestCases.ApiTestCases" time="5.17">
    <system-out><![CDATA[HTTP/1.1 201 Created
Date: Sun, 04 May 2025 06:11:09 GMT
Content-Type: application/json; charset=utf-8
Content-Length: 100
Connection: keep-alive
Cache-Control: max-age=0, private, must-revalidate
Etag: W/"dbc86cb5014e0f2826f08bc9df076fc3"
Feature-Policy: camera 'none'; gyroscope 'none'; microphone 'none'; usb 'none'; fullscreen 'self'
Location: https://gorest.co.in/public/v2/users/7871651
Referrer-Policy: strict-origin-when-cross-origin
Vary: Origin
X-Content-Type-Options: nosniff
X-Download-Options: noopen
X-Frame-Options: SAMEORIGIN
X-Permitted-Cross-Domain-Policies: none
X-Ratelimit-Limit: 90
X-Ratelimit-Remaining: 89
X-Ratelimit-Reset: 1
X-Request-Id: 083cd3ab-7f80-487a-bb95-5f8e7553cd00
X-Runtime: 0.066203
X-Xss-Protection: 0
Cf-Cache-Status: DYNAMIC
Server: cloudflare
CF-RAY: 93a5d6cf6a199c6b-SIN
alt-svc: h3=":443"; ma=86400

{
    "id": 7871651,
    "name": "Tenali Rama",
    "email": "TenaliRama@gmail.com",
    "gender": "male",
    "status": "active"
}
]]></system-out>
    <system-err><![CDATA[SLF4J(W): No SLF4J providers were found.
SLF4J(W): Defaulting to no-operation (NOP) logger implementation
SLF4J(W): See https://www.slf4j.org/codes.html#noProviders for further details.
]]></system-err>
  </testcase>
  <testcase name="get" classname="api.TestCases.ApiTestCases" time="3.164">
    <system-out><![CDATA[HTTP/1.1 200 OK
Date: Sun, 04 May 2025 06:11:11 GMT
Content-Type: application/json; charset=utf-8
Transfer-Encoding: chunked
Connection: keep-alive
Cache-Control: max-age=0, private, must-revalidate
Etag: W/"dbc86cb5014e0f2826f08bc9df076fc3"
Feature-Policy: camera 'none'; gyroscope 'none'; microphone 'none'; usb 'none'; fullscreen 'self'
Referrer-Policy: strict-origin-when-cross-origin
Vary: Origin
X-Content-Type-Options: nosniff
X-Download-Options: noopen
X-Frame-Options: SAMEORIGIN
X-Permitted-Cross-Domain-Policies: none
X-Ratelimit-Limit: 90
X-Ratelimit-Remaining: 89
X-Ratelimit-Reset: 1
X-Request-Id: 22cbfece-2c31-453b-917b-59fd56a591e3
X-Runtime: 0.061626
X-Xss-Protection: 0
Cf-Cache-Status: DYNAMIC
Content-Encoding: gzip
Server: cloudflare
CF-RAY: 93a5d6d9cbcf4487-SIN
alt-svc: h3=":443"; ma=86400

{
    "id": 7871651,
    "name": "Tenali Rama",
    "email": "TenaliRama@gmail.com",
    "gender": "male",
    "status": "active"
}
]]></system-out>
  </testcase>
  <testcase name="update" classname="api.TestCases.ApiTestCases" time="0.002">
    <system-out><![CDATA[HTTP/1.1 200 OK
Date: Sun, 04 May 2025 06:11:12 GMT
Content-Type: application/json; charset=utf-8
Transfer-Encoding: chunked
Connection: keep-alive
Cache-Control: max-age=0, private, must-revalidate
Etag: W/"ed386d409a74b6cd89e71a54b3663e28"
Feature-Policy: camera 'none'; gyroscope 'none'; microphone 'none'; usb 'none'; fullscreen 'self'
Referrer-Policy: strict-origin-when-cross-origin
Vary: Origin
X-Content-Type-Options: nosniff
X-Download-Options: noopen
X-Frame-Options: SAMEORIGIN
X-Permitted-Cross-Domain-Policies: none
X-Ratelimit-Limit: 90
X-Ratelimit-Remaining: 89
X-Ratelimit-Reset: 1
X-Request-Id: 09f48d47-3ab3-43a9-a5ce-d126fcf113c1
X-Runtime: 0.058813
X-Xss-Protection: 0
Cf-Cache-Status: DYNAMIC
Content-Encoding: gzip
Server: cloudflare
CF-RAY: 93a5d6defdb6f8ea-SIN
alt-svc: h3=":443"; ma=86400

{
    "email": "PanditTenaliRama@gmail.com",
    "name": "Pandit Tenali Rama",
    "gender": "male",
    "status": "inactive",
    "id": 7871651
}
HTTP/1.1 200 OK
Date: Sun, 04 May 2025 06:11:12 GMT
Content-Type: application/json; charset=utf-8
Transfer-Encoding: chunked
Connection: keep-alive
Cache-Control: max-age=0, private, must-revalidate
Etag: W/"4d2be8719f5b9d0a47ec81d28281c4cd"
Feature-Policy: camera 'none'; gyroscope 'none'; microphone 'none'; usb 'none'; fullscreen 'self'
Referrer-Policy: strict-origin-when-cross-origin
Vary: Origin
X-Content-Type-Options: nosniff
X-Download-Options: noopen
X-Frame-Options: SAMEORIGIN
X-Permitted-Cross-Domain-Policies: none
X-Ratelimit-Limit: 90
X-Ratelimit-Remaining: 89
X-Ratelimit-Reset: 1
X-Request-Id: 0453da98-b5d7-4947-bd54-61fc3356f0fe
X-Runtime: 0.040403
X-Xss-Protection: 0
Cf-Cache-Status: DYNAMIC
Content-Encoding: gzip
Server: cloudflare
CF-RAY: 93a5d6e3a80c55ec-SIN
alt-svc: h3=":443"; ma=86400

{
    "id": 7871651,
    "name": "Pandit Tenali Rama",
    "email": "PanditTenaliRama@gmail.com",
    "gender": "male",
    "status": "inactive"
}
]]></system-out>
  </testcase>
  <testcase name="delete" classname="api.TestCases.ApiTestCases" time="0.308">
    <system-out><![CDATA[HTTP/1.1 204 No Content
Date: Sun, 04 May 2025 06:11:13 GMT
Connection: keep-alive
Cache-Control: no-cache
Feature-Policy: camera 'none'; gyroscope 'none'; microphone 'none'; usb 'none'; fullscreen 'self'
Referrer-Policy: strict-origin-when-cross-origin
Vary: Origin
X-Content-Type-Options: nosniff
X-Download-Options: noopen
X-Frame-Options: SAMEORIGIN
X-Permitted-Cross-Domain-Policies: none
X-Ratelimit-Limit: 90
X-Ratelimit-Remaining: 89
X-Ratelimit-Reset: 1
X-Request-Id: 76806de7-6154-48f3-b5cf-a07615818fb5
X-Runtime: 0.080140
X-Xss-Protection: 0
Cf-Cache-Status: DYNAMIC
Server: cloudflare
CF-RAY: 93a5d6e8ca84811b-SIN
alt-svc: h3=":443"; ma=86400
]]></system-out>
  </testcase>
</testsuite>